PHPUnit 3.7.8 by Sebastian Bergmann.

Configuration read from /var/www/gotcms/www/tests/phpunit.xml

[33;1mI[0m[33;1mI[0m[31;1mE[0m[31;1mE[0m[31;1mE[0m[31;1mE[0m[33;1mI[0m[33;1mI[0m[31;1mE[0m[31;1mE[0m[31;1mE[0m[31;1mE[0m[33;1mI[0m[33;1mI[0m[31;1mE[0m[31;1mE[0m[31;1mE[0m[31;1mE[0m[33;1mI[0m[33;1mI[0m[31;1mE[0m[31;1mE[0m[31;1mE[0m[31;1mE[0m[33;1mI[0m[33;1mI[0m[31;1mE[0m[31;1mE[0m[31;1mE[0m[31;1mE[0m[33;1mI[0m[33;1mI[0m[31;1mE[0m[31;1mE[0m[31;1mE[0m[31;1mE[0m[33;1mI[0m[33;1mI[0m[33;1mI[0m[33;1mI[0m[33;1mI[0m[33;1mI[0m[31;1mE[0m[31;1mE[0m[31;1mE[0m[31;1mE[0m[33;1mI[0m[33;1mI[0m[31;1mE[0m[31;1mE[0m[31;1mE[0m[31;1mE[0m[33;1mI[0m[33;1mI[0m[31;1mE[0m[31;1mE[0m[31;1mE[0m[31;1mE[0m[33;1mI[0m[33;1mI[0m[31;1mE[0m[31;1mE[0m[31;1mE[0m  63 / 417 ( 15%)
[31;1mE[0m...........................................[31;1mE[0m[31;1mE[0m[31;1mE[0m[31;1mE[0m[31;1mE[0m[31;1mE[0m[31;1mE[0m[31;1mE[0m[31;1mE[0m[31;1mE[0m[31;1mE[0m[31;1mE[0m[31;1mE[0m[31;1mE[0m[31;1mE[0m[31;1mE[0m[31;1mE[0m[31;1mE[0m[31;1mE[0m 126 / 417 ( 30%)
[31;1mE[0m[31;1mE[0m[31;1mE[0m[31;1mE[0m[31;1mE[0m[31;1mE[0m[31;1mE[0m[31;1mE[0m[31;1mE[0m[31;1mE[0m[31;1mE[0m[33;1mI[0m[33;1mI[0m[33;1mI[0m[33;1mI[0m[33;1mI[0m[33;1mI[0m[33;1mI[0m[33;1mI[0m[33;1mI[0m[33;1mI[0m[33;1mI[0m[33;1mI[0m[33;1mI[0m....................................... 189 / 417 ( 45%)
....[33;1mI[0m[33;1mI[0m[33;1mI[0m............[33;1mI[0m........[41;37mF[0m[31;1mE[0m[31;1mE[0m[31;1mE[0m[31;1mE[0m[31;1mE[0m...........[41;37mF[0m[33;1mI[0m[33;1mI[0m[33;1mI[0m[33;1mI[0m[33;1mI[0m[33;1mI[0m[33;1mI[0m[33;1mI[0m[33;1mI[0m[33;1mI[0m[33;1mI[0m[33;1mI[0m[33;1mI[0m[33;1mI[0m[33;1mI[0m[33;1mI[0m[31;1mE[0m 252 / 417 ( 60%)
[31;1mE[0m[33;1mI[0m[33;1mI[0m[41;37mF[0m[33;1mI[0m[33;1mI[0m[33;1mI[0m[33;1mI[0m[33;1mI[0m[33;1mI[0m[33;1mI[0m[33;1mI[0m[33;1mI[0m[33;1mI[0m[33;1mI[0m[33;1mI[0m[33;1mI[0m[33;1mI[0m[33;1mI[0m[33;1mI[0m[33;1mI[0m[33;1mI[0m[33;1mI[0m[33;1mI[0m[33;1mI[0m[33;1mI[0m[33;1mI[0m[33;1mI[0m[33;1mI[0m[33;1mI[0m[33;1mI[0m[33;1mI[0m[33;1mI[0m[33;1mI[0m[33;1mI[0m[33;1mI[0m................[31;1mE[0m[31;1mE[0m[33;1mI[0m[33;1mI[0m[33;1mI[0m[33;1mI[0m[33;1mI[0m[33;1mI[0m[33;1mI[0m[33;1mI[0m[33;1mI[0m 315 / 417 ( 75%)
[33;1mI[0m[33;1mI[0m[33;1mI[0m[33;1mI[0m[33;1mI[0m[31;1mE[0m[31;1mE[0m[31;1mE[0m[31;1mE[0m..............[33;1mI[0m[33;1mI[0m[33;1mI[0m[33;1mI[0m[33;1mI[0m........[33;1mI[0m[33;1mI[0m[33;1mI[0m[33;1mI[0m[33;1mI[0m[33;1mI[0m..................[33;1mI[0m[33;1mI[0m[33;1mI[0m 378 / 417 ( 90%)
[33;1mI[0m[33;1mI[0m[33;1mI[0m[33;1mI[0m[33;1mI[0m[33;1mI[0m[33;1mI[0m....[33;1mI[0m[33;1mI[0m[33;1mI[0m..[33;1mI[0m[33;1mI[0m.............[33;1mI[0m.......

Time: 29 seconds, Memory: 35.25Mb

There were 83 errors:

1) Datatypes\Boolean\EditorTest::testSave
Argument 1 passed to Gc\Datatype\AbstractDatatype\AbstractEditor::__construct() must be an instance of Gc\Datatype\AbstractDatatype, none given, called in /var/www/gotcms/www/tests/vendor/Datatypes/Boolean/EditorTest.php on line 22 and defined

/var/www/gotcms/www/vendor/Gc/Datatype/AbstractDatatype/AbstractEditor.php:83
/var/www/gotcms/www/tests/vendor/Datatypes/Boolean/EditorTest.php:22

2) Datatypes\Boolean\EditorTest::testLoad
Argument 1 passed to Gc\Datatype\AbstractDatatype\AbstractEditor::__construct() must be an instance of Gc\Datatype\AbstractDatatype, none given, called in /var/www/gotcms/www/tests/vendor/Datatypes/Boolean/EditorTest.php on line 22 and defined

/var/www/gotcms/www/vendor/Gc/Datatype/AbstractDatatype/AbstractEditor.php:83
/var/www/gotcms/www/tests/vendor/Datatypes/Boolean/EditorTest.php:22

3) Datatypes\Boolean\PrevalueEditorTest::testSave
Argument 1 passed to Gc\Datatype\AbstractDatatype\AbstractPrevalueEditor::__construct() must be an instance of Gc\Datatype\AbstractDatatype, none given, called in /var/www/gotcms/www/tests/vendor/Datatypes/Boolean/PrevalueEditorTest.php on line 22 and defined

/var/www/gotcms/www/vendor/Gc/Datatype/AbstractDatatype/AbstractPrevalueEditor.php:70
/var/www/gotcms/www/tests/vendor/Datatypes/Boolean/PrevalueEditorTest.php:22

4) Datatypes\Boolean\PrevalueEditorTest::testLoad
Argument 1 passed to Gc\Datatype\AbstractDatatype\AbstractPrevalueEditor::__construct() must be an instance of Gc\Datatype\AbstractDatatype, none given, called in /var/www/gotcms/www/tests/vendor/Datatypes/Boolean/PrevalueEditorTest.php on line 22 and defined

/var/www/gotcms/www/vendor/Gc/Datatype/AbstractDatatype/AbstractPrevalueEditor.php:70
/var/www/gotcms/www/tests/vendor/Datatypes/Boolean/PrevalueEditorTest.php:22

5) Datatypes\CheckboxList\EditorTest::testSave
Argument 1 passed to Gc\Datatype\AbstractDatatype\AbstractEditor::__construct() must be an instance of Gc\Datatype\AbstractDatatype, none given, called in /var/www/gotcms/www/tests/vendor/Datatypes/CheckboxList/EditorTest.php on line 22 and defined

/var/www/gotcms/www/vendor/Gc/Datatype/AbstractDatatype/AbstractEditor.php:83
/var/www/gotcms/www/tests/vendor/Datatypes/CheckboxList/EditorTest.php:22

6) Datatypes\CheckboxList\EditorTest::testLoad
Argument 1 passed to Gc\Datatype\AbstractDatatype\AbstractEditor::__construct() must be an instance of Gc\Datatype\AbstractDatatype, none given, called in /var/www/gotcms/www/tests/vendor/Datatypes/CheckboxList/EditorTest.php on line 22 and defined

/var/www/gotcms/www/vendor/Gc/Datatype/AbstractDatatype/AbstractEditor.php:83
/var/www/gotcms/www/tests/vendor/Datatypes/CheckboxList/EditorTest.php:22

7) Datatypes\CheckboxList\PrevalueEditorTest::testSave
Argument 1 passed to Gc\Datatype\AbstractDatatype\AbstractPrevalueEditor::__construct() must be an instance of Gc\Datatype\AbstractDatatype, none given, called in /var/www/gotcms/www/tests/vendor/Datatypes/CheckboxList/PrevalueEditorTest.php on line 22 and defined

/var/www/gotcms/www/vendor/Gc/Datatype/AbstractDatatype/AbstractPrevalueEditor.php:70
/var/www/gotcms/www/tests/vendor/Datatypes/CheckboxList/PrevalueEditorTest.php:22

8) Datatypes\CheckboxList\PrevalueEditorTest::testLoad
Argument 1 passed to Gc\Datatype\AbstractDatatype\AbstractPrevalueEditor::__construct() must be an instance of Gc\Datatype\AbstractDatatype, none given, called in /var/www/gotcms/www/tests/vendor/Datatypes/CheckboxList/PrevalueEditorTest.php on line 22 and defined

/var/www/gotcms/www/vendor/Gc/Datatype/AbstractDatatype/AbstractPrevalueEditor.php:70
/var/www/gotcms/www/tests/vendor/Datatypes/CheckboxList/PrevalueEditorTest.php:22

9) Datatypes\DatePicker\EditorTest::testSave
Argument 1 passed to Gc\Datatype\AbstractDatatype\AbstractEditor::__construct() must be an instance of Gc\Datatype\AbstractDatatype, none given, called in /var/www/gotcms/www/tests/vendor/Datatypes/DatePicker/EditorTest.php on line 22 and defined

/var/www/gotcms/www/vendor/Gc/Datatype/AbstractDatatype/AbstractEditor.php:83
/var/www/gotcms/www/tests/vendor/Datatypes/DatePicker/EditorTest.php:22

10) Datatypes\DatePicker\EditorTest::testLoad
Argument 1 passed to Gc\Datatype\AbstractDatatype\AbstractEditor::__construct() must be an instance of Gc\Datatype\AbstractDatatype, none given, called in /var/www/gotcms/www/tests/vendor/Datatypes/DatePicker/EditorTest.php on line 22 and defined

/var/www/gotcms/www/vendor/Gc/Datatype/AbstractDatatype/AbstractEditor.php:83
/var/www/gotcms/www/tests/vendor/Datatypes/DatePicker/EditorTest.php:22

11) Datatypes\DatePicker\PrevalueEditorTest::testSave
Argument 1 passed to Gc\Datatype\AbstractDatatype\AbstractPrevalueEditor::__construct() must be an instance of Gc\Datatype\AbstractDatatype, none given, called in /var/www/gotcms/www/tests/vendor/Datatypes/DatePicker/PrevalueEditorTest.php on line 22 and defined

/var/www/gotcms/www/vendor/Gc/Datatype/AbstractDatatype/AbstractPrevalueEditor.php:70
/var/www/gotcms/www/tests/vendor/Datatypes/DatePicker/PrevalueEditorTest.php:22

12) Datatypes\DatePicker\PrevalueEditorTest::testLoad
Argument 1 passed to Gc\Datatype\AbstractDatatype\AbstractPrevalueEditor::__construct() must be an instance of Gc\Datatype\AbstractDatatype, none given, called in /var/www/gotcms/www/tests/vendor/Datatypes/DatePicker/PrevalueEditorTest.php on line 22 and defined

/var/www/gotcms/www/vendor/Gc/Datatype/AbstractDatatype/AbstractPrevalueEditor.php:70
/var/www/gotcms/www/tests/vendor/Datatypes/DatePicker/PrevalueEditorTest.php:22

13) Datatypes\Mixed\EditorTest::testSave
Argument 1 passed to Gc\Datatype\AbstractDatatype\AbstractEditor::__construct() must be an instance of Gc\Datatype\AbstractDatatype, none given, called in /var/www/gotcms/www/tests/vendor/Datatypes/Mixed/EditorTest.php on line 22 and defined

/var/www/gotcms/www/vendor/Gc/Datatype/AbstractDatatype/AbstractEditor.php:83
/var/www/gotcms/www/tests/vendor/Datatypes/Mixed/EditorTest.php:22

14) Datatypes\Mixed\EditorTest::testLoad
Argument 1 passed to Gc\Datatype\AbstractDatatype\AbstractEditor::__construct() must be an instance of Gc\Datatype\AbstractDatatype, none given, called in /var/www/gotcms/www/tests/vendor/Datatypes/Mixed/EditorTest.php on line 22 and defined

/var/www/gotcms/www/vendor/Gc/Datatype/AbstractDatatype/AbstractEditor.php:83
/var/www/gotcms/www/tests/vendor/Datatypes/Mixed/EditorTest.php:22

15) Datatypes\Mixed\PrevalueEditorTest::testSave
Argument 1 passed to Gc\Datatype\AbstractDatatype\AbstractPrevalueEditor::__construct() must be an instance of Gc\Datatype\AbstractDatatype, none given, called in /var/www/gotcms/www/tests/vendor/Datatypes/Mixed/PrevalueEditorTest.php on line 22 and defined

/var/www/gotcms/www/vendor/Gc/Datatype/AbstractDatatype/AbstractPrevalueEditor.php:70
/var/www/gotcms/www/tests/vendor/Datatypes/Mixed/PrevalueEditorTest.php:22

16) Datatypes\Mixed\PrevalueEditorTest::testLoad
Argument 1 passed to Gc\Datatype\AbstractDatatype\AbstractPrevalueEditor::__construct() must be an instance of Gc\Datatype\AbstractDatatype, none given, called in /var/www/gotcms/www/tests/vendor/Datatypes/Mixed/PrevalueEditorTest.php on line 22 and defined

/var/www/gotcms/www/vendor/Gc/Datatype/AbstractDatatype/AbstractPrevalueEditor.php:70
/var/www/gotcms/www/tests/vendor/Datatypes/Mixed/PrevalueEditorTest.php:22

17) Datatypes\RadioButtonList\EditorTest::testSave
Argument 1 passed to Gc\Datatype\AbstractDatatype\AbstractEditor::__construct() must be an instance of Gc\Datatype\AbstractDatatype, none given, called in /var/www/gotcms/www/tests/vendor/Datatypes/RadioButtonList/EditorTest.php on line 22 and defined

/var/www/gotcms/www/vendor/Gc/Datatype/AbstractDatatype/AbstractEditor.php:83
/var/www/gotcms/www/tests/vendor/Datatypes/RadioButtonList/EditorTest.php:22

18) Datatypes\RadioButtonList\EditorTest::testLoad
Argument 1 passed to Gc\Datatype\AbstractDatatype\AbstractEditor::__construct() must be an instance of Gc\Datatype\AbstractDatatype, none given, called in /var/www/gotcms/www/tests/vendor/Datatypes/RadioButtonList/EditorTest.php on line 22 and defined

/var/www/gotcms/www/vendor/Gc/Datatype/AbstractDatatype/AbstractEditor.php:83
/var/www/gotcms/www/tests/vendor/Datatypes/RadioButtonList/EditorTest.php:22

19) Datatypes\RadioButtonList\PrevalueEditorTest::testSave
Argument 1 passed to Gc\Datatype\AbstractDatatype\AbstractPrevalueEditor::__construct() must be an instance of Gc\Datatype\AbstractDatatype, none given, called in /var/www/gotcms/www/tests/vendor/Datatypes/RadioButtonList/PrevalueEditorTest.php on line 22 and defined

/var/www/gotcms/www/vendor/Gc/Datatype/AbstractDatatype/AbstractPrevalueEditor.php:70
/var/www/gotcms/www/tests/vendor/Datatypes/RadioButtonList/PrevalueEditorTest.php:22

20) Datatypes\RadioButtonList\PrevalueEditorTest::testLoad
Argument 1 passed to Gc\Datatype\AbstractDatatype\AbstractPrevalueEditor::__construct() must be an instance of Gc\Datatype\AbstractDatatype, none given, called in /var/www/gotcms/www/tests/vendor/Datatypes/RadioButtonList/PrevalueEditorTest.php on line 22 and defined

/var/www/gotcms/www/vendor/Gc/Datatype/AbstractDatatype/AbstractPrevalueEditor.php:70
/var/www/gotcms/www/tests/vendor/Datatypes/RadioButtonList/PrevalueEditorTest.php:22

21) Datatypes\Textarea\EditorTest::testSave
Argument 1 passed to Gc\Datatype\AbstractDatatype\AbstractEditor::__construct() must be an instance of Gc\Datatype\AbstractDatatype, none given, called in /var/www/gotcms/www/tests/vendor/Datatypes/Textarea/EditorTest.php on line 22 and defined

/var/www/gotcms/www/vendor/Gc/Datatype/AbstractDatatype/AbstractEditor.php:83
/var/www/gotcms/www/tests/vendor/Datatypes/Textarea/EditorTest.php:22

22) Datatypes\Textarea\EditorTest::testLoad
Argument 1 passed to Gc\Datatype\AbstractDatatype\AbstractEditor::__construct() must be an instance of Gc\Datatype\AbstractDatatype, none given, called in /var/www/gotcms/www/tests/vendor/Datatypes/Textarea/EditorTest.php on line 22 and defined

/var/www/gotcms/www/vendor/Gc/Datatype/AbstractDatatype/AbstractEditor.php:83
/var/www/gotcms/www/tests/vendor/Datatypes/Textarea/EditorTest.php:22

23) Datatypes\Textarea\PrevalueEditorTest::testSave
Argument 1 passed to Gc\Datatype\AbstractDatatype\AbstractPrevalueEditor::__construct() must be an instance of Gc\Datatype\AbstractDatatype, none given, called in /var/www/gotcms/www/tests/vendor/Datatypes/Textarea/PrevalueEditorTest.php on line 22 and defined

/var/www/gotcms/www/vendor/Gc/Datatype/AbstractDatatype/AbstractPrevalueEditor.php:70
/var/www/gotcms/www/tests/vendor/Datatypes/Textarea/PrevalueEditorTest.php:22

24) Datatypes\Textarea\PrevalueEditorTest::testLoad
Argument 1 passed to Gc\Datatype\AbstractDatatype\AbstractPrevalueEditor::__construct() must be an instance of Gc\Datatype\AbstractDatatype, none given, called in /var/www/gotcms/www/tests/vendor/Datatypes/Textarea/PrevalueEditorTest.php on line 22 and defined

/var/www/gotcms/www/vendor/Gc/Datatype/AbstractDatatype/AbstractPrevalueEditor.php:70
/var/www/gotcms/www/tests/vendor/Datatypes/Textarea/PrevalueEditorTest.php:22

25) Datatypes\Textrich\EditorTest::testSave
Argument 1 passed to Gc\Datatype\AbstractDatatype\AbstractEditor::__construct() must be an instance of Gc\Datatype\AbstractDatatype, none given, called in /var/www/gotcms/www/tests/vendor/Datatypes/Textrich/EditorTest.php on line 22 and defined

/var/www/gotcms/www/vendor/Gc/Datatype/AbstractDatatype/AbstractEditor.php:83
/var/www/gotcms/www/tests/vendor/Datatypes/Textrich/EditorTest.php:22

26) Datatypes\Textrich\EditorTest::testLoad
Argument 1 passed to Gc\Datatype\AbstractDatatype\AbstractEditor::__construct() must be an instance of Gc\Datatype\AbstractDatatype, none given, called in /var/www/gotcms/www/tests/vendor/Datatypes/Textrich/EditorTest.php on line 22 and defined

/var/www/gotcms/www/vendor/Gc/Datatype/AbstractDatatype/AbstractEditor.php:83
/var/www/gotcms/www/tests/vendor/Datatypes/Textrich/EditorTest.php:22

27) Datatypes\Textrich\PrevalueEditorTest::testSave
Argument 1 passed to Gc\Datatype\AbstractDatatype\AbstractPrevalueEditor::__construct() must be an instance of Gc\Datatype\AbstractDatatype, none given, called in /var/www/gotcms/www/tests/vendor/Datatypes/Textrich/PrevalueEditorTest.php on line 22 and defined

/var/www/gotcms/www/vendor/Gc/Datatype/AbstractDatatype/AbstractPrevalueEditor.php:70
/var/www/gotcms/www/tests/vendor/Datatypes/Textrich/PrevalueEditorTest.php:22

28) Datatypes\Textrich\PrevalueEditorTest::testLoad
Argument 1 passed to Gc\Datatype\AbstractDatatype\AbstractPrevalueEditor::__construct() must be an instance of Gc\Datatype\AbstractDatatype, none given, called in /var/www/gotcms/www/tests/vendor/Datatypes/Textrich/PrevalueEditorTest.php on line 22 and defined

/var/www/gotcms/www/vendor/Gc/Datatype/AbstractDatatype/AbstractPrevalueEditor.php:70
/var/www/gotcms/www/tests/vendor/Datatypes/Textrich/PrevalueEditorTest.php:22

29) Datatypes\Textstring\EditorTest::testSave
Argument 1 passed to Gc\Datatype\AbstractDatatype\AbstractEditor::__construct() must be an instance of Gc\Datatype\AbstractDatatype, none given, called in /var/www/gotcms/www/tests/vendor/Datatypes/Textstring/EditorTest.php on line 22 and defined

/var/www/gotcms/www/vendor/Gc/Datatype/AbstractDatatype/AbstractEditor.php:83
/var/www/gotcms/www/tests/vendor/Datatypes/Textstring/EditorTest.php:22

30) Datatypes\Textstring\EditorTest::testLoad
Argument 1 passed to Gc\Datatype\AbstractDatatype\AbstractEditor::__construct() must be an instance of Gc\Datatype\AbstractDatatype, none given, called in /var/www/gotcms/www/tests/vendor/Datatypes/Textstring/EditorTest.php on line 22 and defined

/var/www/gotcms/www/vendor/Gc/Datatype/AbstractDatatype/AbstractEditor.php:83
/var/www/gotcms/www/tests/vendor/Datatypes/Textstring/EditorTest.php:22

31) Datatypes\Textstring\PrevalueEditorTest::testSave
Argument 1 passed to Gc\Datatype\AbstractDatatype\AbstractPrevalueEditor::__construct() must be an instance of Gc\Datatype\AbstractDatatype, none given, called in /var/www/gotcms/www/tests/vendor/Datatypes/Textstring/PrevalueEditorTest.php on line 22 and defined

/var/www/gotcms/www/vendor/Gc/Datatype/AbstractDatatype/AbstractPrevalueEditor.php:70
/var/www/gotcms/www/tests/vendor/Datatypes/Textstring/PrevalueEditorTest.php:22

32) Datatypes\Textstring\PrevalueEditorTest::testLoad
Argument 1 passed to Gc\Datatype\AbstractDatatype\AbstractPrevalueEditor::__construct() must be an instance of Gc\Datatype\AbstractDatatype, none given, called in /var/www/gotcms/www/tests/vendor/Datatypes/Textstring/PrevalueEditorTest.php on line 22 and defined

/var/www/gotcms/www/vendor/Gc/Datatype/AbstractDatatype/AbstractPrevalueEditor.php:70
/var/www/gotcms/www/tests/vendor/Datatypes/Textstring/PrevalueEditorTest.php:22

33) Datatypes\Upload\EditorTest::testSave
Argument 1 passed to Gc\Datatype\AbstractDatatype\AbstractEditor::__construct() must be an instance of Gc\Datatype\AbstractDatatype, none given, called in /var/www/gotcms/www/tests/vendor/Datatypes/Upload/EditorTest.php on line 22 and defined

/var/www/gotcms/www/vendor/Gc/Datatype/AbstractDatatype/AbstractEditor.php:83
/var/www/gotcms/www/tests/vendor/Datatypes/Upload/EditorTest.php:22

34) Datatypes\Upload\EditorTest::testLoad
Argument 1 passed to Gc\Datatype\AbstractDatatype\AbstractEditor::__construct() must be an instance of Gc\Datatype\AbstractDatatype, none given, called in /var/www/gotcms/www/tests/vendor/Datatypes/Upload/EditorTest.php on line 22 and defined

/var/www/gotcms/www/vendor/Gc/Datatype/AbstractDatatype/AbstractEditor.php:83
/var/www/gotcms/www/tests/vendor/Datatypes/Upload/EditorTest.php:22

35) Datatypes\Upload\PrevalueEditorTest::testSave
Argument 1 passed to Gc\Datatype\AbstractDatatype\AbstractPrevalueEditor::__construct() must be an instance of Gc\Datatype\AbstractDatatype, none given, called in /var/www/gotcms/www/tests/vendor/Datatypes/Upload/PrevalueEditorTest.php on line 22 and defined

/var/www/gotcms/www/vendor/Gc/Datatype/AbstractDatatype/AbstractPrevalueEditor.php:70
/var/www/gotcms/www/tests/vendor/Datatypes/Upload/PrevalueEditorTest.php:22

36) Datatypes\Upload\PrevalueEditorTest::testLoad
Argument 1 passed to Gc\Datatype\AbstractDatatype\AbstractPrevalueEditor::__construct() must be an instance of Gc\Datatype\AbstractDatatype, none given, called in /var/www/gotcms/www/tests/vendor/Datatypes/Upload/PrevalueEditorTest.php on line 22 and defined

/var/www/gotcms/www/vendor/Gc/Datatype/AbstractDatatype/AbstractPrevalueEditor.php:70
/var/www/gotcms/www/tests/vendor/Datatypes/Upload/PrevalueEditorTest.php:22

37) Datatypes\jQueryFileUpload\EditorTest::testSave
Argument 1 passed to Gc\Datatype\AbstractDatatype\AbstractEditor::__construct() must be an instance of Gc\Datatype\AbstractDatatype, none given, called in /var/www/gotcms/www/tests/vendor/Datatypes/jQueryFileUpload/EditorTest.php on line 22 and defined

/var/www/gotcms/www/vendor/Gc/Datatype/AbstractDatatype/AbstractEditor.php:83
/var/www/gotcms/www/tests/vendor/Datatypes/jQueryFileUpload/EditorTest.php:22

38) Datatypes\jQueryFileUpload\EditorTest::testLoad
Argument 1 passed to Gc\Datatype\AbstractDatatype\AbstractEditor::__construct() must be an instance of Gc\Datatype\AbstractDatatype, none given, called in /var/www/gotcms/www/tests/vendor/Datatypes/jQueryFileUpload/EditorTest.php on line 22 and defined

/var/www/gotcms/www/vendor/Gc/Datatype/AbstractDatatype/AbstractEditor.php:83
/var/www/gotcms/www/tests/vendor/Datatypes/jQueryFileUpload/EditorTest.php:22

39) Datatypes\jQueryFileUpload\PrevalueEditorTest::testSave
Argument 1 passed to Gc\Datatype\AbstractDatatype\AbstractPrevalueEditor::__construct() must be an instance of Gc\Datatype\AbstractDatatype, none given, called in /var/www/gotcms/www/tests/vendor/Datatypes/jQueryFileUpload/PrevalueEditorTest.php on line 22 and defined

/var/www/gotcms/www/vendor/Gc/Datatype/AbstractDatatype/AbstractPrevalueEditor.php:70
/var/www/gotcms/www/tests/vendor/Datatypes/jQueryFileUpload/PrevalueEditorTest.php:22

40) Datatypes\jQueryFileUpload\PrevalueEditorTest::testLoad
Argument 1 passed to Gc\Datatype\AbstractDatatype\AbstractPrevalueEditor::__construct() must be an instance of Gc\Datatype\AbstractDatatype, none given, called in /var/www/gotcms/www/tests/vendor/Datatypes/jQueryFileUpload/PrevalueEditorTest.php on line 22 and defined

/var/www/gotcms/www/vendor/Gc/Datatype/AbstractDatatype/AbstractPrevalueEditor.php:70
/var/www/gotcms/www/tests/vendor/Datatypes/jQueryFileUpload/PrevalueEditorTest.php:22

41) Gc\Datatype\AbstractDatatype\AbstractEditorTest::testGetValue
PHPUnit_Framework_Exception: Class "AbstractEditor" does not exist.

/var/www/gotcms/www/tests/vendor/Gc/Datatype/AbstractDatatype/AbstractEditorTest.php:22

42) Gc\Datatype\AbstractDatatype\AbstractEditorTest::testSetValue
PHPUnit_Framework_Exception: Class "AbstractEditor" does not exist.

/var/www/gotcms/www/tests/vendor/Gc/Datatype/AbstractDatatype/AbstractEditorTest.php:22

43) Gc\Datatype\AbstractDatatype\AbstractEditorTest::testGetConfig
PHPUnit_Framework_Exception: Class "AbstractEditor" does not exist.

/var/www/gotcms/www/tests/vendor/Gc/Datatype/AbstractDatatype/AbstractEditorTest.php:22

44) Gc\Datatype\AbstractDatatype\AbstractEditorTest::testSetConfig
PHPUnit_Framework_Exception: Class "AbstractEditor" does not exist.

/var/www/gotcms/www/tests/vendor/Gc/Datatype/AbstractDatatype/AbstractEditorTest.php:22

45) Gc\Datatype\AbstractDatatype\AbstractEditorTest::testGetUploadUrl
PHPUnit_Framework_Exception: Class "AbstractEditor" does not exist.

/var/www/gotcms/www/tests/vendor/Gc/Datatype/AbstractDatatype/AbstractEditorTest.php:22

46) Gc\Datatype\AbstractDatatype\AbstractEditorTest::testGetName
PHPUnit_Framework_Exception: Class "AbstractEditor" does not exist.

/var/www/gotcms/www/tests/vendor/Gc/Datatype/AbstractDatatype/AbstractEditorTest.php:22

47) Gc\Datatype\AbstractDatatype\AbstractEditorTest::testGetProperty
PHPUnit_Framework_Exception: Class "AbstractEditor" does not exist.

/var/www/gotcms/www/tests/vendor/Gc/Datatype/AbstractDatatype/AbstractEditorTest.php:22

48) Gc\Datatype\AbstractDatatype\AbstractEditorTest::testGetDatatype
PHPUnit_Framework_Exception: Class "AbstractEditor" does not exist.

/var/www/gotcms/www/tests/vendor/Gc/Datatype/AbstractDatatype/AbstractEditorTest.php:22

49) Gc\Datatype\AbstractDatatype\AbstractEditorTest::testGetRequest
PHPUnit_Framework_Exception: Class "AbstractEditor" does not exist.

/var/www/gotcms/www/tests/vendor/Gc/Datatype/AbstractDatatype/AbstractEditorTest.php:22

50) Gc\Datatype\AbstractDatatype\AbstractEditorTest::testRender
PHPUnit_Framework_Exception: Class "AbstractEditor" does not exist.

/var/www/gotcms/www/tests/vendor/Gc/Datatype/AbstractDatatype/AbstractEditorTest.php:22

51) Gc\Datatype\AbstractDatatype\AbstractEditorTest::testAddPath
PHPUnit_Framework_Exception: Class "AbstractEditor" does not exist.

/var/www/gotcms/www/tests/vendor/Gc/Datatype/AbstractDatatype/AbstractEditorTest.php:22

52) Gc\Datatype\AbstractDatatype\AbstractEditorTest::testGetHelper
PHPUnit_Framework_Exception: Class "AbstractEditor" does not exist.

/var/www/gotcms/www/tests/vendor/Gc/Datatype/AbstractDatatype/AbstractEditorTest.php:22

53) Gc\Datatype\AbstractDatatype\AbstractPrevalueEditorTest::testGetConfig
PHPUnit_Framework_Exception: Class "AbstractPrevalueEditor" does not exist.

/var/www/gotcms/www/tests/vendor/Gc/Datatype/AbstractDatatype/AbstractPrevalueEditorTest.php:22

54) Gc\Datatype\AbstractDatatype\AbstractPrevalueEditorTest::testSetConfig
PHPUnit_Framework_Exception: Class "AbstractPrevalueEditor" does not exist.

/var/www/gotcms/www/tests/vendor/Gc/Datatype/AbstractDatatype/AbstractPrevalueEditorTest.php:22

55) Gc\Datatype\AbstractDatatype\AbstractPrevalueEditorTest::testGetRequest
PHPUnit_Framework_Exception: Class "AbstractPrevalueEditor" does not exist.

/var/www/gotcms/www/tests/vendor/Gc/Datatype/AbstractDatatype/AbstractPrevalueEditorTest.php:22

56) Gc\Datatype\AbstractDatatype\AbstractPrevalueEditorTest::testGetDatatype
PHPUnit_Framework_Exception: Class "AbstractPrevalueEditor" does not exist.

/var/www/gotcms/www/tests/vendor/Gc/Datatype/AbstractDatatype/AbstractPrevalueEditorTest.php:22

57) Gc\Datatype\AbstractDatatype\AbstractPrevalueEditorTest::testRender
PHPUnit_Framework_Exception: Class "AbstractPrevalueEditor" does not exist.

/var/www/gotcms/www/tests/vendor/Gc/Datatype/AbstractDatatype/AbstractPrevalueEditorTest.php:22

58) Gc\Datatype\AbstractDatatype\AbstractPrevalueEditorTest::testAddPath
PHPUnit_Framework_Exception: Class "AbstractPrevalueEditor" does not exist.

/var/www/gotcms/www/tests/vendor/Gc/Datatype/AbstractDatatype/AbstractPrevalueEditorTest.php:22

59) Gc\Datatype\AbstractDatatype\AbstractPrevalueEditorTest::testGetHelper
PHPUnit_Framework_Exception: Class "AbstractPrevalueEditor" does not exist.

/var/www/gotcms/www/tests/vendor/Gc/Datatype/AbstractDatatype/AbstractPrevalueEditorTest.php:22

60) Gc\Datatype\AbstractDatatypeTest::testGetInfos
PHPUnit_Framework_Exception: Class "AbstractDatatype" does not exist.

/var/www/gotcms/www/tests/vendor/Gc/Datatype/AbstractDatatypeTest.php:22

61) Gc\Datatype\AbstractDatatypeTest::testLoad
PHPUnit_Framework_Exception: Class "AbstractDatatype" does not exist.

/var/www/gotcms/www/tests/vendor/Gc/Datatype/AbstractDatatypeTest.php:22

62) Gc\Datatype\AbstractDatatypeTest::testGetConfig
PHPUnit_Framework_Exception: Class "AbstractDatatype" does not exist.

/var/www/gotcms/www/tests/vendor/Gc/Datatype/AbstractDatatypeTest.php:22

63) Gc\Datatype\AbstractDatatypeTest::testSetConfig
PHPUnit_Framework_Exception: Class "AbstractDatatype" does not exist.

/var/www/gotcms/www/tests/vendor/Gc/Datatype/AbstractDatatypeTest.php:22

64) Gc\Datatype\AbstractDatatypeTest::testGetUploadUrl
PHPUnit_Framework_Exception: Class "AbstractDatatype" does not exist.

/var/www/gotcms/www/tests/vendor/Gc/Datatype/AbstractDatatypeTest.php:22

65) Gc\Datatype\AbstractDatatypeTest::testGetHelper
PHPUnit_Framework_Exception: Class "AbstractDatatype" does not exist.

/var/www/gotcms/www/tests/vendor/Gc/Datatype/AbstractDatatypeTest.php:22

66) Gc\Datatype\AbstractDatatypeTest::testGetProperty
PHPUnit_Framework_Exception: Class "AbstractDatatype" does not exist.

/var/www/gotcms/www/tests/vendor/Gc/Datatype/AbstractDatatypeTest.php:22

67) Gc\Datatype\AbstractDatatypeTest::testGetName
PHPUnit_Framework_Exception: Class "AbstractDatatype" does not exist.

/var/www/gotcms/www/tests/vendor/Gc/Datatype/AbstractDatatypeTest.php:22

68) Gc\Datatype\AbstractDatatypeTest::testRender
PHPUnit_Framework_Exception: Class "AbstractDatatype" does not exist.

/var/www/gotcms/www/tests/vendor/Gc/Datatype/AbstractDatatypeTest.php:22

69) Gc\Datatype\AbstractDatatypeTest::testAddPath
PHPUnit_Framework_Exception: Class "AbstractDatatype" does not exist.

/var/www/gotcms/www/tests/vendor/Gc/Datatype/AbstractDatatypeTest.php:22

70) Gc\Datatype\AbstractDatatypeTest::testGetDocument
PHPUnit_Framework_Exception: Class "AbstractDatatype" does not exist.

/var/www/gotcms/www/tests/vendor/Gc/Datatype/AbstractDatatypeTest.php:22

71) Gc\Form\AbstractFormTest::testInit
PHPUnit_Framework_Exception: Class "AbstractForm" does not exist.

/var/www/gotcms/www/tests/vendor/Gc/Form/AbstractFormTest.php:22

72) Gc\Form\AbstractFormTest::testGetAdapter
PHPUnit_Framework_Exception: Class "AbstractForm" does not exist.

/var/www/gotcms/www/tests/vendor/Gc/Form/AbstractFormTest.php:22

73) Gc\Form\AbstractFormTest::testLoadValues
PHPUnit_Framework_Exception: Class "AbstractForm" does not exist.

/var/www/gotcms/www/tests/vendor/Gc/Form/AbstractFormTest.php:22

74) Gc\Form\AbstractFormTest::testAddContent
PHPUnit_Framework_Exception: Class "AbstractForm" does not exist.

/var/www/gotcms/www/tests/vendor/Gc/Form/AbstractFormTest.php:22

75) Gc\Form\AbstractFormTest::testGetValue
PHPUnit_Framework_Exception: Class "AbstractForm" does not exist.

/var/www/gotcms/www/tests/vendor/Gc/Form/AbstractFormTest.php:22

76) Gc\Module\AbstractModuleTest::testGetAdapter
PHPUnit_Framework_Exception: Class "AbstractModule" does not exist.

/var/www/gotcms/www/tests/vendor/Gc/Module/AbstractModuleTest.php:22

77) Gc\Module\AbstractModuleTest::testGetDriverName
PHPUnit_Framework_Exception: Class "AbstractModule" does not exist.

/var/www/gotcms/www/tests/vendor/Gc/Module/AbstractModuleTest.php:22

78) Gc\Session\SaveHandler\DbTableGatewayTest::testRead
Argument 1 passed to Zend\Session\SaveHandler\DbTableGateway::__construct() must be an instance of Zend\Db\TableGateway\TableGateway, none given, called in /var/www/gotcms/www/tests/vendor/Gc/Session/SaveHandler/DbTableGatewayTest.php on line 22 and defined

/var/www/gotcms/www/vendor/ZendFramework/library/Zend/Session/SaveHandler/DbTableGateway.php:63
/var/www/gotcms/www/tests/vendor/Gc/Session/SaveHandler/DbTableGatewayTest.php:22

79) Gc\Session\SaveHandler\DbTableGatewayTest::testWrite
Argument 1 passed to Zend\Session\SaveHandler\DbTableGateway::__construct() must be an instance of Zend\Db\TableGateway\TableGateway, none given, called in /var/www/gotcms/www/tests/vendor/Gc/Session/SaveHandler/DbTableGatewayTest.php on line 22 and defined

/var/www/gotcms/www/vendor/ZendFramework/library/Zend/Session/SaveHandler/DbTableGateway.php:63
/var/www/gotcms/www/tests/vendor/Gc/Session/SaveHandler/DbTableGatewayTest.php:22

80) Gc\User\AclTest::testListRoles
Argument 1 passed to Gc\User\Acl::__construct() must be an instance of Gc\User\Model, none given, called in /var/www/gotcms/www/tests/vendor/Gc/User/AclTest.php on line 22 and defined

/var/www/gotcms/www/vendor/Gc/User/Acl.php:69
/var/www/gotcms/www/tests/vendor/Gc/User/AclTest.php:22

81) Gc\User\AclTest::testGetRoleId
Argument 1 passed to Gc\User\Acl::__construct() must be an instance of Gc\User\Model, none given, called in /var/www/gotcms/www/tests/vendor/Gc/User/AclTest.php on line 22 and defined

/var/www/gotcms/www/vendor/Gc/User/Acl.php:69
/var/www/gotcms/www/tests/vendor/Gc/User/AclTest.php:22

82) Gc\User\AclTest::testListResources
Argument 1 passed to Gc\User\Acl::__construct() must be an instance of Gc\User\Model, none given, called in /var/www/gotcms/www/tests/vendor/Gc/User/AclTest.php on line 22 and defined

/var/www/gotcms/www/vendor/Gc/User/Acl.php:69
/var/www/gotcms/www/tests/vendor/Gc/User/AclTest.php:22

83) Gc\User\AclTest::testListResourcesByGroup
Argument 1 passed to Gc\User\Acl::__construct() must be an instance of Gc\User\Model, none given, called in /var/www/gotcms/www/tests/vendor/Gc/User/AclTest.php on line 22 and defined

/var/www/gotcms/www/vendor/Gc/User/Acl.php:69
/var/www/gotcms/www/tests/vendor/Gc/User/AclTest.php:22

--


There were 3 failures:

1) Warning
No tests found in class "Gc\ExceptionTest".


2) Warning
No tests found in class "Gc\LogTest".


3) Warning
No tests found in class "Gc\Module\Controller\AbstractControllerTest".


--


There were 132 incomplete tests:

1) Datatypes\Boolean\DatatypeTest::testGetEditor
This test has not been implemented yet.

/var/www/gotcms/www/tests/vendor/Datatypes/Boolean/DatatypeTest.php:42

2) Datatypes\Boolean\DatatypeTest::testGetPrevalueEditor
This test has not been implemented yet.

/var/www/gotcms/www/tests/vendor/Datatypes/Boolean/DatatypeTest.php:54

3) Datatypes\CheckboxList\DatatypeTest::testGetEditor
This test has not been implemented yet.

/var/www/gotcms/www/tests/vendor/Datatypes/CheckboxList/DatatypeTest.php:42

4) Datatypes\CheckboxList\DatatypeTest::testGetPrevalueEditor
This test has not been implemented yet.

/var/www/gotcms/www/tests/vendor/Datatypes/CheckboxList/DatatypeTest.php:54

5) Datatypes\DatePicker\DatatypeTest::testGetEditor
This test has not been implemented yet.

/var/www/gotcms/www/tests/vendor/Datatypes/DatePicker/DatatypeTest.php:42

6) Datatypes\DatePicker\DatatypeTest::testGetPrevalueEditor
This test has not been implemented yet.

/var/www/gotcms/www/tests/vendor/Datatypes/DatePicker/DatatypeTest.php:54

7) Datatypes\Mixed\DatatypeTest::testGetEditor
This test has not been implemented yet.

/var/www/gotcms/www/tests/vendor/Datatypes/Mixed/DatatypeTest.php:42

8) Datatypes\Mixed\DatatypeTest::testGetPrevalueEditor
This test has not been implemented yet.

/var/www/gotcms/www/tests/vendor/Datatypes/Mixed/DatatypeTest.php:54

9) Datatypes\RadioButtonList\DatatypeTest::testGetEditor
This test has not been implemented yet.

/var/www/gotcms/www/tests/vendor/Datatypes/RadioButtonList/DatatypeTest.php:42

10) Datatypes\RadioButtonList\DatatypeTest::testGetPrevalueEditor
This test has not been implemented yet.

/var/www/gotcms/www/tests/vendor/Datatypes/RadioButtonList/DatatypeTest.php:54

11) Datatypes\Textarea\DatatypeTest::testGetEditor
This test has not been implemented yet.

/var/www/gotcms/www/tests/vendor/Datatypes/Textarea/DatatypeTest.php:42

12) Datatypes\Textarea\DatatypeTest::testGetPrevalueEditor
This test has not been implemented yet.

/var/www/gotcms/www/tests/vendor/Datatypes/Textarea/DatatypeTest.php:54

13) Datatypes\Textrich\CkEditorTest::testSetParameters
This test has not been implemented yet.

/var/www/gotcms/www/tests/vendor/Datatypes/Textrich/CkEditorTest.php:42

14) Datatypes\Textrich\CkEditorTest::testGetToolbarAsJs
This test has not been implemented yet.

/var/www/gotcms/www/tests/vendor/Datatypes/Textrich/CkEditorTest.php:54

15) Datatypes\Textrich\CkEditorTest::testGetAllToolbarItems
This test has not been implemented yet.

/var/www/gotcms/www/tests/vendor/Datatypes/Textrich/CkEditorTest.php:66

16) Datatypes\Textrich\CkEditorTest::testGetAllItems
This test has not been implemented yet.

/var/www/gotcms/www/tests/vendor/Datatypes/Textrich/CkEditorTest.php:78

17) Datatypes\Textrich\DatatypeTest::testGetEditor
This test has not been implemented yet.

/var/www/gotcms/www/tests/vendor/Datatypes/Textrich/DatatypeTest.php:42

18) Datatypes\Textrich\DatatypeTest::testGetPrevalueEditor
This test has not been implemented yet.

/var/www/gotcms/www/tests/vendor/Datatypes/Textrich/DatatypeTest.php:54

19) Datatypes\Textstring\DatatypeTest::testGetEditor
This test has not been implemented yet.

/var/www/gotcms/www/tests/vendor/Datatypes/Textstring/DatatypeTest.php:42

20) Datatypes\Textstring\DatatypeTest::testGetPrevalueEditor
This test has not been implemented yet.

/var/www/gotcms/www/tests/vendor/Datatypes/Textstring/DatatypeTest.php:54

21) Datatypes\Upload\DatatypeTest::testGetEditor
This test has not been implemented yet.

/var/www/gotcms/www/tests/vendor/Datatypes/Upload/DatatypeTest.php:42

22) Datatypes\Upload\DatatypeTest::testGetPrevalueEditor
This test has not been implemented yet.

/var/www/gotcms/www/tests/vendor/Datatypes/Upload/DatatypeTest.php:54

23) Datatypes\jQueryFileUpload\DatatypeTest::testGetEditor
This test has not been implemented yet.

/var/www/gotcms/www/tests/vendor/Datatypes/jQueryFileUpload/DatatypeTest.php:42

24) Datatypes\jQueryFileUpload\DatatypeTest::testGetPrevalueEditor
This test has not been implemented yet.

/var/www/gotcms/www/tests/vendor/Datatypes/jQueryFileUpload/DatatypeTest.php:54

25) Gc\Datatype\CollectionTest::testInit
This test has not been implemented yet.

/var/www/gotcms/www/tests/vendor/Gc/Datatype/CollectionTest.php:42

26) Gc\Datatype\CollectionTest::testGetDatatypes
This test has not been implemented yet.

/var/www/gotcms/www/tests/vendor/Gc/Datatype/CollectionTest.php:54

27) Gc\Datatype\CollectionTest::testGetSelect
This test has not been implemented yet.

/var/www/gotcms/www/tests/vendor/Gc/Datatype/CollectionTest.php:66

28) Gc\Datatype\ModelTest::testSetPrevalueValue
This test has not been implemented yet.

/var/www/gotcms/www/tests/vendor/Gc/Datatype/ModelTest.php:42

29) Gc\Datatype\ModelTest::testFromArray
This test has not been implemented yet.

/var/www/gotcms/www/tests/vendor/Gc/Datatype/ModelTest.php:54

30) Gc\Datatype\ModelTest::testFromId
This test has not been implemented yet.

/var/www/gotcms/www/tests/vendor/Gc/Datatype/ModelTest.php:66

31) Gc\Datatype\ModelTest::testSave
This test has not been implemented yet.

/var/www/gotcms/www/tests/vendor/Gc/Datatype/ModelTest.php:78

32) Gc\Datatype\ModelTest::testDelete
This test has not been implemented yet.

/var/www/gotcms/www/tests/vendor/Gc/Datatype/ModelTest.php:90

33) Gc\Datatype\ModelTest::testSavePrevalueEditor
This test has not been implemented yet.

/var/www/gotcms/www/tests/vendor/Gc/Datatype/ModelTest.php:102

34) Gc\Datatype\ModelTest::testSaveEditor
This test has not been implemented yet.

/var/www/gotcms/www/tests/vendor/Gc/Datatype/ModelTest.php:114

35) Gc\Datatype\ModelTest::testLoadPrevalueEditor
This test has not been implemented yet.

/var/www/gotcms/www/tests/vendor/Gc/Datatype/ModelTest.php:126

36) Gc\Datatype\ModelTest::testLoadEditor
This test has not been implemented yet.

/var/www/gotcms/www/tests/vendor/Gc/Datatype/ModelTest.php:138

37) Gc\Datatype\ModelTest::testLoadDatatype
This test has not been implemented yet.

/var/www/gotcms/www/tests/vendor/Gc/Datatype/ModelTest.php:150

38) Gc\DocumentType\CollectionTest::testInit
This test has not been implemented yet.

/var/www/gotcms/www/tests/vendor/Gc/DocumentType/CollectionTest.php:42

39) Gc\DocumentType\CollectionTest::testGetSelect
This test has not been implemented yet.

/var/www/gotcms/www/tests/vendor/Gc/DocumentType/CollectionTest.php:54

40) Gc\DocumentType\CollectionTest::testGetDependencies
This test has not been implemented yet.

/var/www/gotcms/www/tests/vendor/Gc/DocumentType/CollectionTest.php:66

41) Gc\ErrorTest::testSet
This test has not been implemented yet.

/var/www/gotcms/www/tests/vendor/Gc/ErrorTest.php:42

42) Gc\MailTest::testSend
This test has not been implemented yet.

/var/www/gotcms/www/tests/vendor/Gc/MailTest.php:42

43) Gc\Media\FileTest::testInit
This test has not been implemented yet.

/var/www/gotcms/www/tests/vendor/Gc/Media/FileTest.php:42

44) Gc\Media\FileTest::testGetPath
This test has not been implemented yet.

/var/www/gotcms/www/tests/vendor/Gc/Media/FileTest.php:54

45) Gc\Media\FileTest::testGetDirectory
This test has not been implemented yet.

/var/www/gotcms/www/tests/vendor/Gc/Media/FileTest.php:66

46) Gc\Media\FileTest::testUpload
This test has not been implemented yet.

/var/www/gotcms/www/tests/vendor/Gc/Media/FileTest.php:78

47) Gc\Media\FileTest::testRemove
This test has not been implemented yet.

/var/www/gotcms/www/tests/vendor/Gc/Media/FileTest.php:90

48) Gc\Media\Icon\CollectionTest::testInit
This test has not been implemented yet.

/var/www/gotcms/www/tests/vendor/Gc/Media/Icon/CollectionTest.php:42

49) Gc\Media\Icon\CollectionTest::testGetIcons
This test has not been implemented yet.

/var/www/gotcms/www/tests/vendor/Gc/Media/Icon/CollectionTest.php:54

50) Gc\Media\Icon\CollectionTest::testGetSelect
This test has not been implemented yet.

/var/www/gotcms/www/tests/vendor/Gc/Media/Icon/CollectionTest.php:66

51) Gc\Media\Icon\ModelTest::testFromArray
This test has not been implemented yet.

/var/www/gotcms/www/tests/vendor/Gc/Media/Icon/ModelTest.php:42

52) Gc\Media\Icon\ModelTest::testFromId
This test has not been implemented yet.

/var/www/gotcms/www/tests/vendor/Gc/Media/Icon/ModelTest.php:54

53) Gc\Media\Icon\ModelTest::testSave
This test has not been implemented yet.

/var/www/gotcms/www/tests/vendor/Gc/Media/Icon/ModelTest.php:66

54) Gc\Media\Icon\ModelTest::testDelete
This test has not been implemented yet.

/var/www/gotcms/www/tests/vendor/Gc/Media/Icon/ModelTest.php:78

55) Gc\Media\InfoTest::testInit
This test has not been implemented yet.

/var/www/gotcms/www/tests/vendor/Gc/Media/InfoTest.php:42

56) Gc\Media\InfoTest::testFromFile
This test has not been implemented yet.

/var/www/gotcms/www/tests/vendor/Gc/Media/InfoTest.php:54

57) Gc\Media\InfoTest::testRender
This test has not been implemented yet.

/var/www/gotcms/www/tests/vendor/Gc/Media/InfoTest.php:66

58) Gc\Module\CollectionTest::testInit
This test has not been implemented yet.

/var/www/gotcms/www/tests/vendor/Gc/Module/CollectionTest.php:42

59) Gc\Module\CollectionTest::testGetSelect
This test has not been implemented yet.

/var/www/gotcms/www/tests/vendor/Gc/Module/CollectionTest.php:54

60) Gc\Module\ModelTest::testInit
This test has not been implemented yet.

/var/www/gotcms/www/tests/vendor/Gc/Module/ModelTest.php:42

61) Gc\Module\ModelTest::testFromArray
This test has not been implemented yet.

/var/www/gotcms/www/tests/vendor/Gc/Module/ModelTest.php:54

62) Gc\Module\ModelTest::testFromId
This test has not been implemented yet.

/var/www/gotcms/www/tests/vendor/Gc/Module/ModelTest.php:66

63) Gc\Module\ModelTest::testSave
This test has not been implemented yet.

/var/www/gotcms/www/tests/vendor/Gc/Module/ModelTest.php:78

64) Gc\Module\ModelTest::testDelete
This test has not been implemented yet.

/var/www/gotcms/www/tests/vendor/Gc/Module/ModelTest.php:90

65) Gc\Mvc\Controller\ActionTest::testOnDispatch
This test has not been implemented yet.

/var/www/gotcms/www/tests/vendor/Gc/Mvc/Controller/ActionTest.php:42

66) Gc\Mvc\Controller\ActionTest::testInit
This test has not been implemented yet.

/var/www/gotcms/www/tests/vendor/Gc/Mvc/Controller/ActionTest.php:54

67) Gc\Mvc\Controller\ActionTest::testGetRouteMatch
This test has not been implemented yet.

/var/www/gotcms/www/tests/vendor/Gc/Mvc/Controller/ActionTest.php:66

68) Gc\Mvc\ModuleTest::testOnBootstrap
This test has not been implemented yet.

/var/www/gotcms/www/tests/vendor/Gc/Mvc/ModuleTest.php:42

69) Gc\Mvc\ModuleTest::testGetAutoloaderConfig
This test has not been implemented yet.

/var/www/gotcms/www/tests/vendor/Gc/Mvc/ModuleTest.php:54

70) Gc\Mvc\ModuleTest::testGetConfig
This test has not been implemented yet.

/var/www/gotcms/www/tests/vendor/Gc/Mvc/ModuleTest.php:66

71) Gc\Mvc\ModuleTest::testInit
This test has not been implemented yet.

/var/www/gotcms/www/tests/vendor/Gc/Mvc/ModuleTest.php:78

72) Gc\Property\CollectionTest::testLoad
This test has not been implemented yet.

/var/www/gotcms/www/tests/vendor/Gc/Property/CollectionTest.php:42

73) Gc\Property\CollectionTest::testGetProperties
This test has not been implemented yet.

/var/www/gotcms/www/tests/vendor/Gc/Property/CollectionTest.php:54

74) Gc\Property\CollectionTest::testAddProperty
This test has not been implemented yet.

/var/www/gotcms/www/tests/vendor/Gc/Property/CollectionTest.php:66

75) Gc\Property\CollectionTest::testSetProperties
This test has not been implemented yet.

/var/www/gotcms/www/tests/vendor/Gc/Property/CollectionTest.php:78

76) Gc\Property\CollectionTest::testSave
This test has not been implemented yet.

/var/www/gotcms/www/tests/vendor/Gc/Property/CollectionTest.php:90

77) Gc\Property\CollectionTest::testDelete
This test has not been implemented yet.

/var/www/gotcms/www/tests/vendor/Gc/Property/CollectionTest.php:102

78) Gc\Property\ModelTest::testIsRequired
This test has not been implemented yet.

/var/www/gotcms/www/tests/vendor/Gc/Property/ModelTest.php:42

79) Gc\Property\ModelTest::testSetValue
This test has not been implemented yet.

/var/www/gotcms/www/tests/vendor/Gc/Property/ModelTest.php:54

80) Gc\Property\ModelTest::testLoadValue
This test has not been implemented yet.

/var/www/gotcms/www/tests/vendor/Gc/Property/ModelTest.php:66

81) Gc\Property\ModelTest::testGetValue
This test has not been implemented yet.

/var/www/gotcms/www/tests/vendor/Gc/Property/ModelTest.php:78

82) Gc\Property\ModelTest::testGetValueModel
This test has not been implemented yet.

/var/www/gotcms/www/tests/vendor/Gc/Property/ModelTest.php:90

83) Gc\Property\ModelTest::testSaveValue
This test has not been implemented yet.

/var/www/gotcms/www/tests/vendor/Gc/Property/ModelTest.php:102

84) Gc\Property\ModelTest::testSave
This test has not been implemented yet.

/var/www/gotcms/www/tests/vendor/Gc/Property/ModelTest.php:114

85) Gc\Property\ModelTest::testDelete
This test has not been implemented yet.

/var/www/gotcms/www/tests/vendor/Gc/Property/ModelTest.php:126

86) Gc\Property\ModelTest::testFromArray
This test has not been implemented yet.

/var/www/gotcms/www/tests/vendor/Gc/Property/ModelTest.php:138

87) Gc\Property\ModelTest::testFromId
This test has not been implemented yet.

/var/www/gotcms/www/tests/vendor/Gc/Property/ModelTest.php:150

88) Gc\Property\Value\ModelTest::testLoad
This test has not been implemented yet.

/var/www/gotcms/www/tests/vendor/Gc/Property/Value/ModelTest.php:42

89) Gc\Property\Value\ModelTest::testFromArray
This test has not been implemented yet.

/var/www/gotcms/www/tests/vendor/Gc/Property/Value/ModelTest.php:54

90) Gc\Property\Value\ModelTest::testFromId
This test has not been implemented yet.

/var/www/gotcms/www/tests/vendor/Gc/Property/Value/ModelTest.php:66

91) Gc\Property\Value\ModelTest::testSave
This test has not been implemented yet.

/var/www/gotcms/www/tests/vendor/Gc/Property/Value/ModelTest.php:78

92) Gc\Tab\CollectionTest::testLoad
This test has not been implemented yet.

/var/www/gotcms/www/tests/vendor/Gc/Tab/CollectionTest.php:42

93) Gc\Tab\CollectionTest::testGetTabs
This test has not been implemented yet.

/var/www/gotcms/www/tests/vendor/Gc/Tab/CollectionTest.php:54

94) Gc\Tab\CollectionTest::testGetImportableTabs
This test has not been implemented yet.

/var/www/gotcms/www/tests/vendor/Gc/Tab/CollectionTest.php:66

95) Gc\Tab\CollectionTest::testSetTabs
This test has not been implemented yet.

/var/www/gotcms/www/tests/vendor/Gc/Tab/CollectionTest.php:78

96) Gc\Tab\CollectionTest::testAddTab
This test has not been implemented yet.

/var/www/gotcms/www/tests/vendor/Gc/Tab/CollectionTest.php:90

97) Gc\Tab\CollectionTest::testSave
This test has not been implemented yet.

/var/www/gotcms/www/tests/vendor/Gc/Tab/CollectionTest.php:102

98) Gc\Tab\CollectionTest::testDelete
This test has not been implemented yet.

/var/www/gotcms/www/tests/vendor/Gc/Tab/CollectionTest.php:114

99) Gc\Tab\ModelTest::testLoad
This test has not been implemented yet.

/var/www/gotcms/www/tests/vendor/Gc/Tab/ModelTest.php:42

100) Gc\Tab\ModelTest::testSave
This test has not been implemented yet.

/var/www/gotcms/www/tests/vendor/Gc/Tab/ModelTest.php:54

101) Gc\Tab\ModelTest::testDelete
This test has not been implemented yet.

/var/www/gotcms/www/tests/vendor/Gc/Tab/ModelTest.php:66

102) Gc\Tab\ModelTest::testFromArray
This test has not been implemented yet.

/var/www/gotcms/www/tests/vendor/Gc/Tab/ModelTest.php:78

103) Gc\Tab\ModelTest::testFromId
This test has not been implemented yet.

/var/www/gotcms/www/tests/vendor/Gc/Tab/ModelTest.php:90

104) Gc\Tab\ModelTest::testGetDocumentType
This test has not been implemented yet.

/var/www/gotcms/www/tests/vendor/Gc/Tab/ModelTest.php:102

105) Gc\Tab\ModelTest::testGetProperties
This test has not been implemented yet.

/var/www/gotcms/www/tests/vendor/Gc/Tab/ModelTest.php:114

106) Gc\User\ModelTest::testSendForgotPasswordEmail
This test has not been implemented yet.

/var/www/gotcms/www/tests/vendor/Gc/User/ModelTest.php:164

107) Gc\User\Permission\CollectionTest::testInit
This test has not been implemented yet.

/var/www/gotcms/www/tests/vendor/Gc/User/Permission/CollectionTest.php:42

108) Gc\User\Permission\CollectionTest::testGetPermissions
This test has not been implemented yet.

/var/www/gotcms/www/tests/vendor/Gc/User/Permission/CollectionTest.php:54

109) Gc\User\Role\CollectionTest::testInit
This test has not been implemented yet.

/var/www/gotcms/www/tests/vendor/Gc/User/Role/CollectionTest.php:42

110) Gc\User\Role\CollectionTest::testGetRoles
This test has not been implemented yet.

/var/www/gotcms/www/tests/vendor/Gc/User/Role/CollectionTest.php:54

111) Gc\User\VisitorTest::testGetVisitorId
This test has not been implemented yet.

/var/www/gotcms/www/tests/vendor/Gc/User/VisitorTest.php:42

112) Gc\User\VisitorTest::testGetUrlId
This test has not been implemented yet.

/var/www/gotcms/www/tests/vendor/Gc/User/VisitorTest.php:54

113) Gc\User\VisitorTest::testGetTotalVisitors
This test has not been implemented yet.

/var/www/gotcms/www/tests/vendor/Gc/User/VisitorTest.php:66

114) Gc\User\VisitorTest::testGetTotalPageViews
This test has not been implemented yet.

/var/www/gotcms/www/tests/vendor/Gc/User/VisitorTest.php:78

115) Gc\User\VisitorTest::testGetVisitStats
This test has not been implemented yet.

/var/www/gotcms/www/tests/vendor/Gc/User/VisitorTest.php:90

116) Gc\User\VisitorTest::testGetVisitorStats
This test has not been implemented yet.

/var/www/gotcms/www/tests/vendor/Gc/User/VisitorTest.php:102

117) Gc\View\Helper\FormCheckboxTest::testRender
This test has not been implemented yet.

/var/www/gotcms/www/tests/vendor/Gc/View/Helper/FormCheckboxTest.php:42

118) Gc\View\Helper\FormErrorsTest::test__invoke
This test has not been implemented yet.

/var/www/gotcms/www/tests/vendor/Gc/View/Helper/FormErrorsTest.php:42

119) Gc\View\Helper\FormErrorsTest::testSetElementEnd
This test has not been implemented yet.

/var/www/gotcms/www/tests/vendor/Gc/View/Helper/FormErrorsTest.php:54

120) Gc\View\Helper\FormErrorsTest::testGetElementEnd
This test has not been implemented yet.

/var/www/gotcms/www/tests/vendor/Gc/View/Helper/FormErrorsTest.php:66

121) Gc\View\Helper\FormErrorsTest::testSetElementSeparator
This test has not been implemented yet.

/var/www/gotcms/www/tests/vendor/Gc/View/Helper/FormErrorsTest.php:78

122) Gc\View\Helper\FormErrorsTest::testGetElementSeparator
This test has not been implemented yet.

/var/www/gotcms/www/tests/vendor/Gc/View/Helper/FormErrorsTest.php:90

123) Gc\View\Helper\FormErrorsTest::testSetElementStart
This test has not been implemented yet.

/var/www/gotcms/www/tests/vendor/Gc/View/Helper/FormErrorsTest.php:102

124) Gc\View\Helper\FormErrorsTest::testGetElementStart
This test has not been implemented yet.

/var/www/gotcms/www/tests/vendor/Gc/View/Helper/FormErrorsTest.php:114

125) Gc\View\Helper\FormErrorsTest::testSetView
This test has not been implemented yet.

/var/www/gotcms/www/tests/vendor/Gc/View/Helper/FormErrorsTest.php:126

126) Gc\View\Helper\FormErrorsTest::testGetView
This test has not been implemented yet.

/var/www/gotcms/www/tests/vendor/Gc/View/Helper/FormErrorsTest.php:138

127) Gc\View\Helper\ScriptTest::test__invoke
This test has not been implemented yet.

/var/www/gotcms/www/tests/vendor/Gc/View/Helper/ScriptTest.php:58

128) Gc\View\Helper\ScriptTest::testGetParam
This test has not been implemented yet.

/var/www/gotcms/www/tests/vendor/Gc/View/Helper/ScriptTest.php:69

129) Gc\View\Helper\ScriptTest::testGetDocument
This test has not been implemented yet.

/var/www/gotcms/www/tests/vendor/Gc/View/Helper/ScriptTest.php:80

130) Gc\View\Helper\ScriptTest::testPlugin
This test has not been implemented yet.

/var/www/gotcms/www/tests/vendor/Gc/View/Helper/ScriptTest.php:107

131) Gc\View\Helper\ScriptTest::test__call
This test has not been implemented yet.

/var/www/gotcms/www/tests/vendor/Gc/View/Helper/ScriptTest.php:118

132) Gc\View\Resolver\TemplatePathStackTest::testResolve
This test has not been implemented yet.

/var/www/gotcms/www/tests/vendor/Gc/View/Resolver/TemplatePathStackTest.php:42

[37;41m[2KFAILURES!
[0m[37;41m[2KTests: 417, Assertions: 208, Failures: 3, Errors: 83, Incomplete: 132.
[0m[2K
Generating code coverage report in HTML format ... done
